{"/Users/claudiomazzoli/Documents/Desarrollos/Paisabank/src/app/_layout.tsx": {"path":"/Users/claudiomazzoli/Documents/Desarrollos/Paisabank/src/app/_layout.tsx","statementMap":{"0":{"start":{"line":11,"column":35},"end":{"line":15,"column":4}},"1":{"start":{"line":17,"column":2},"end":{"line":19,"column":3}},"2":{"start":{"line":18,"column":4},"end":{"line":18,"column":32}},"3":{"start":{"line":21,"column":2},"end":{"line":23,"column":3}},"4":{"start":{"line":22,"column":4},"end":{"line":22,"column":16}},"5":{"start":{"line":25,"column":2},"end":{"line":34,"column":4}}},"fnMap":{"0":{"name":"Root","decl":{"start":{"line":10,"column":24},"end":{"line":10,"column":28}},"loc":{"start":{"line":10,"column":50},"end":{"line":35,"column":1}},"line":10}},"branchMap":{"0":{"loc":{"start":{"line":17,"column":2},"end":{"line":19,"column":3}},"type":"if","locations":[{"start":{"line":17,"column":2},"end":{"line":19,"column":3}},{"start":{},"end":{}}],"line":17},"1":{"loc":{"start":{"line":21,"column":2},"end":{"line":23,"column":3}},"type":"if","locations":[{"start":{"line":21,"column":2},"end":{"line":23,"column":3}},{"start":{},"end":{}}],"line":21},"2":{"loc":{"start":{"line":21,"column":6},"end":{"line":21,"column":32}},"type":"binary-expr","locations":[{"start":{"line":21,"column":6},"end":{"line":21,"column":18}},{"start":{"line":21,"column":22},"end":{"line":21,"column":32}}],"line":21}},"s":{"0":0,"1":0,"2":0,"3":0,"4":0,"5":0},"f":{"0":0},"b":{"0":[0,0],"1":[0,0],"2":[0,0]}}
,"/Users/claudiomazzoli/Documents/Desarrollos/Paisabank/src/app/(tabs)/_layout.tsx": {"path":"/Users/claudiomazzoli/Documents/Desarrollos/Paisabank/src/app/(tabs)/_layout.tsx","statementMap":{"0":{"start":{"line":14,"column":36},"end":{"line":14,"column":81}},"1":{"start":{"line":14,"column":70},"end":{"line":14,"column":80}},"2":{"start":{"line":15,"column":24},"end":{"line":15,"column":69}},"3":{"start":{"line":15,"column":58},"end":{"line":15,"column":68}},"4":{"start":{"line":16,"column":19},"end":{"line":16,"column":32}},"5":{"start":{"line":18,"column":2},"end":{"line":18,"column":48}},"6":{"start":{"line":18,"column":17},"end":{"line":18,"column":48}},"7":{"start":{"line":20,"column":2},"end":{"line":20,"column":67}},"8":{"start":{"line":20,"column":33},"end":{"line":20,"column":67}},"9":{"start":{"line":22,"column":2},"end":{"line":86,"column":4}},"10":{"start":{"line":39,"column":12},"end":{"line":42,"column":19}},"11":{"start":{"line":58,"column":12},"end":{"line":61,"column":19}},"12":{"start":{"line":71,"column":12},"end":{"line":74,"column":19}},"13":{"start":{"line":77,"column":26},"end":{"line":83,"column":9}},"14":{"start":{"line":79,"column":12},"end":{"line":79,"column":31}},"15":{"start":{"line":80,"column":12},"end":{"line":80,"column":37}},"16":{"start":{"line":81,"column":12},"end":{"line":81,"column":37}}},"fnMap":{"0":{"name":"AppLayout","decl":{"start":{"line":13,"column":24},"end":{"line":13,"column":33}},"loc":{"start":{"line":13,"column":55},"end":{"line":87,"column":1}},"line":13},"1":{"name":"(anonymous_1)","decl":{"start":{"line":14,"column":48},"end":{"line":14,"column":49}},"loc":{"start":{"line":14,"column":70},"end":{"line":14,"column":80}},"line":14},"2":{"name":"(anonymous_2)","decl":{"start":{"line":15,"column":36},"end":{"line":15,"column":37}},"loc":{"start":{"line":15,"column":58},"end":{"line":15,"column":68}},"line":15},"3":{"name":"(anonymous_3)","decl":{"start":{"line":38,"column":22},"end":{"line":38,"column":23}},"loc":{"start":{"line":39,"column":12},"end":{"line":42,"column":19}},"line":39},"4":{"name":"(anonymous_4)","decl":{"start":{"line":57,"column":22},"end":{"line":57,"column":23}},"loc":{"start":{"line":58,"column":12},"end":{"line":61,"column":19}},"line":58},"5":{"name":"(anonymous_5)","decl":{"start":{"line":70,"column":22},"end":{"line":70,"column":23}},"loc":{"start":{"line":71,"column":12},"end":{"line":74,"column":19}},"line":71},"6":{"name":"(anonymous_6)","decl":{"start":{"line":77,"column":19},"end":{"line":77,"column":20}},"loc":{"start":{"line":77,"column":26},"end":{"line":83,"column":9}},"line":77},"7":{"name":"(anonymous_7)","decl":{"start":{"line":78,"column":20},"end":{"line":78,"column":21}},"loc":{"start":{"line":78,"column":27},"end":{"line":82,"column":11}},"line":78}},"branchMap":{"0":{"loc":{"start":{"line":18,"column":2},"end":{"line":18,"column":48}},"type":"if","locations":[{"start":{"line":18,"column":2},"end":{"line":18,"column":48}},{"start":{},"end":{}}],"line":18},"1":{"loc":{"start":{"line":20,"column":2},"end":{"line":20,"column":67}},"type":"if","locations":[{"start":{"line":20,"column":2},"end":{"line":20,"column":67}},{"start":{},"end":{}}],"line":20},"2":{"loc":{"start":{"line":20,"column":6},"end":{"line":20,"column":31}},"type":"binary-expr","locations":[{"start":{"line":20,"column":6},"end":{"line":20,"column":16}},{"start":{"line":20,"column":20},"end":{"line":20,"column":31}}],"line":20}},"s":{"0":0,"1":0,"2":0,"3":0,"4":0,"5":0,"6":0,"7":0,"8":0,"9":0,"10":0,"11":0,"12":0,"13":0,"14":0,"15":0,"16":0},"f":{"0":0,"1":0,"2":0,"3":0,"4":0,"5":0,"6":0,"7":0},"b":{"0":[0,0],"1":[0,0],"2":[0,0]}}
,"/Users/claudiomazzoli/Documents/Desarrollos/Paisabank/src/app/(tabs)/index.tsx": {"path":"/Users/claudiomazzoli/Documents/Desarrollos/Paisabank/src/app/(tabs)/index.tsx","statementMap":{"0":{"start":{"line":23,"column":57},"end":{"line":27,"column":4}},"1":{"start":{"line":28,"column":71},"end":{"line":32,"column":4}},"2":{"start":{"line":34,"column":32},"end":{"line":59,"column":3}},"3":{"start":{"line":61,"column":2},"end":{"line":81,"column":4}}},"fnMap":{"0":{"name":"Home","decl":{"start":{"line":22,"column":24},"end":{"line":22,"column":28}},"loc":{"start":{"line":22,"column":50},"end":{"line":82,"column":1}},"line":22}},"branchMap":{},"s":{"0":0,"1":0,"2":0,"3":0},"f":{"0":0},"b":{}}
,"/Users/claudiomazzoli/Documents/Desarrollos/Paisabank/src/app/(tabs)/styles.ts": {"path":"/Users/claudiomazzoli/Documents/Desarrollos/Paisabank/src/app/(tabs)/styles.ts","statementMap":{"0":{"start":{"line":5,"column":18},"end":{"line":11,"column":1}},"1":{"start":{"line":13,"column":26},"end":{"line":16,"column":1}}},"fnMap":{},"branchMap":{},"s":{"0":0,"1":0},"f":{},"b":{}}
,"/Users/claudiomazzoli/Documents/Desarrollos/Paisabank/src/app/(tabs)/contacts/index.tsx": {"path":"/Users/claudiomazzoli/Documents/Desarrollos/Paisabank/src/app/(tabs)/contacts/index.tsx","statementMap":{"0":{"start":{"line":11,"column":44},"end":{"line":11,"column":56}},"1":{"start":{"line":12,"column":40},"end":{"line":12,"column":52}},"2":{"start":{"line":14,"column":59},"end":{"line":17,"column":4}},"3":{"start":{"line":19,"column":2},"end":{"line":31,"column":17}},"4":{"start":{"line":20,"column":4},"end":{"line":30,"column":5}},"5":{"start":{"line":21,"column":29},"end":{"line":21,"column":66}},"6":{"start":{"line":22,"column":35},"end":{"line":27,"column":49}},"7":{"start":{"line":29,"column":6},"end":{"line":29,"column":45}},"8":{"start":{"line":33,"column":19},"end":{"line":46,"column":3}},"9":{"start":{"line":34,"column":4},"end":{"line":42,"column":5}},"10":{"start":{"line":35,"column":22},"end":{"line":35,"column":68}},"11":{"start":{"line":36,"column":28},"end":{"line":36,"column":72}},"12":{"start":{"line":38,"column":6},"end":{"line":38,"column":38}},"13":{"start":{"line":39,"column":6},"end":{"line":39,"column":27}},"14":{"start":{"line":41,"column":6},"end":{"line":41,"column":13}},"15":{"start":{"line":44,"column":4},"end":{"line":44,"column":23}},"16":{"start":{"line":45,"column":4},"end":{"line":45,"column":62}},"17":{"start":{"line":48,"column":2},"end":{"line":59,"column":4}},"18":{"start":{"line":53,"column":10},"end":{"line":53,"column":25}}},"fnMap":{"0":{"name":"Contacts","decl":{"start":{"line":10,"column":24},"end":{"line":10,"column":32}},"loc":{"start":{"line":10,"column":54},"end":{"line":60,"column":1}},"line":10},"1":{"name":"(anonymous_1)","decl":{"start":{"line":19,"column":12},"end":{"line":19,"column":13}},"loc":{"start":{"line":19,"column":18},"end":{"line":31,"column":3}},"line":19},"2":{"name":"(anonymous_2)","decl":{"start":{"line":33,"column":19},"end":{"line":33,"column":20}},"loc":{"start":{"line":33,"column":43},"end":{"line":46,"column":3}},"line":33},"3":{"name":"(anonymous_3)","decl":{"start":{"line":52,"column":22},"end":{"line":52,"column":23}},"loc":{"start":{"line":52,"column":32},"end":{"line":54,"column":9}},"line":52}},"branchMap":{"0":{"loc":{"start":{"line":20,"column":4},"end":{"line":30,"column":5}},"type":"if","locations":[{"start":{"line":20,"column":4},"end":{"line":30,"column":5}},{"start":{},"end":{}}],"line":20},"1":{"loc":{"start":{"line":20,"column":8},"end":{"line":20,"column":61}},"type":"binary-expr","locations":[{"start":{"line":20,"column":8},"end":{"line":20,"column":16}},{"start":{"line":20,"column":20},"end":{"line":20,"column":33}},{"start":{"line":20,"column":37},"end":{"line":20,"column":61}}],"line":20},"2":{"loc":{"start":{"line":22,"column":35},"end":{"line":27,"column":49}},"type":"cond-expr","locations":[{"start":{"line":23,"column":10},"end":{"line":26,"column":11}},{"start":{"line":27,"column":10},"end":{"line":27,"column":49}}],"line":22},"3":{"loc":{"start":{"line":34,"column":4},"end":{"line":42,"column":5}},"type":"if","locations":[{"start":{"line":34,"column":4},"end":{"line":42,"column":5}},{"start":{},"end":{}}],"line":34}},"s":{"0":0,"1":0,"2":0,"3":0,"4":0,"5":0,"6":0,"7":0,"8":0,"9":0,"10":0,"11":0,"12":0,"13":0,"14":0,"15":0,"16":0,"17":0,"18":0},"f":{"0":0,"1":0,"2":0,"3":0},"b":{"0":[0,0],"1":[0,0,0],"2":[0,0],"3":[0,0]}}
,"/Users/claudiomazzoli/Documents/Desarrollos/Paisabank/src/app/(tabs)/contacts/styles.ts": {"path":"/Users/claudiomazzoli/Documents/Desarrollos/Paisabank/src/app/(tabs)/contacts/styles.ts","statementMap":{"0":{"start":{"line":5,"column":28},"end":{"line":5,"column":38}},"1":{"start":{"line":7,"column":18},"end":{"line":12,"column":1}},"2":{"start":{"line":14,"column":26},"end":{"line":16,"column":1}}},"fnMap":{},"branchMap":{},"s":{"0":0,"1":0,"2":0},"f":{},"b":{}}
,"/Users/claudiomazzoli/Documents/Desarrollos/Paisabank/src/app/(tabs)/logout/index.tsx": {"path":"/Users/claudiomazzoli/Documents/Desarrollos/Paisabank/src/app/(tabs)/logout/index.tsx","statementMap":{"0":{"start":{"line":3,"column":15},"end":{"line":5,"column":1}},"1":{"start":{"line":4,"column":2},"end":{"line":4,"column":23}}},"fnMap":{"0":{"name":"(anonymous_0)","decl":{"start":{"line":3,"column":15},"end":{"line":3,"column":16}},"loc":{"start":{"line":3,"column":21},"end":{"line":5,"column":1}},"line":3}},"branchMap":{},"s":{"0":0,"1":0},"f":{"0":0},"b":{}}
,"/Users/claudiomazzoli/Documents/Desarrollos/Paisabank/src/app/login/index.tsx": {"path":"/Users/claudiomazzoli/Documents/Desarrollos/Paisabank/src/app/login/index.tsx","statementMap":{"0":{"start":{"line":29,"column":19},"end":{"line":29,"column":32}},"1":{"start":{"line":30,"column":36},"end":{"line":30,"column":78}},"2":{"start":{"line":31,"column":42},"end":{"line":31,"column":75}},"3":{"start":{"line":32,"column":38},"end":{"line":32,"column":62}},"4":{"start":{"line":34,"column":22},"end":{"line":53,"column":3}},"5":{"start":{"line":35,"column":19},"end":{"line":38,"column":6}},"6":{"start":{"line":40,"column":4},"end":{"line":40,"column":43}},"7":{"start":{"line":40,"column":25},"end":{"line":40,"column":43}},"8":{"start":{"line":42,"column":4},"end":{"line":49,"column":6}},"9":{"start":{"line":51,"column":4},"end":{"line":51,"column":25}},"10":{"start":{"line":52,"column":4},"end":{"line":52,"column":24}},"11":{"start":{"line":55,"column":2},"end":{"line":104,"column":4}},"12":{"start":{"line":81,"column":16},"end":{"line":81,"column":43}}},"fnMap":{"0":{"name":"Login","decl":{"start":{"line":28,"column":24},"end":{"line":28,"column":29}},"loc":{"start":{"line":28,"column":51},"end":{"line":105,"column":1}},"line":28},"1":{"name":"(anonymous_1)","decl":{"start":{"line":34,"column":22},"end":{"line":34,"column":23}},"loc":{"start":{"line":34,"column":49},"end":{"line":53,"column":3}},"line":34},"2":{"name":"(anonymous_2)","decl":{"start":{"line":80,"column":23},"end":{"line":80,"column":24}},"loc":{"start":{"line":80,"column":29},"end":{"line":82,"column":15}},"line":80}},"branchMap":{"0":{"loc":{"start":{"line":40,"column":4},"end":{"line":40,"column":43}},"type":"if","locations":[{"start":{"line":40,"column":4},"end":{"line":40,"column":43}},{"start":{},"end":{}}],"line":40}},"s":{"0":0,"1":0,"2":0,"3":0,"4":0,"5":0,"6":0,"7":0,"8":0,"9":0,"10":0,"11":0,"12":0},"f":{"0":0,"1":0,"2":0},"b":{"0":[0,0]}}
,"/Users/claudiomazzoli/Documents/Desarrollos/Paisabank/src/app/login/styles.ts": {"path":"/Users/claudiomazzoli/Documents/Desarrollos/Paisabank/src/app/login/styles.ts","statementMap":{"0":{"start":{"line":7,"column":43},"end":{"line":7,"column":53}},"1":{"start":{"line":9,"column":18},"end":{"line":17,"column":1}},"2":{"start":{"line":19,"column":19},"end":{"line":23,"column":1}},"3":{"start":{"line":25,"column":22},"end":{"line":31,"column":1}},"4":{"start":{"line":33,"column":22},"end":{"line":37,"column":1}},"5":{"start":{"line":39,"column":19},"end":{"line":46,"column":1}},"6":{"start":{"line":48,"column":23},"end":{"line":50,"column":1}},"7":{"start":{"line":52,"column":17},"end":{"line":54,"column":1}},"8":{"start":{"line":56,"column":21},"end":{"line":59,"column":1}},"9":{"start":{"line":61,"column":14},"end":{"line":64,"column":1}},"10":{"start":{"line":66,"column":17},"end":{"line":69,"column":1}},"11":{"start":{"line":71,"column":19},"end":{"line":74,"column":1}},"12":{"start":{"line":76,"column":18},"end":{"line":82,"column":1}},"13":{"start":{"line":84,"column":23},"end":{"line":89,"column":1}},"14":{"start":{"line":91,"column":15},"end":{"line":99,"column":1}}},"fnMap":{},"branchMap":{},"s":{"0":0,"1":0,"2":0,"3":0,"4":0,"5":0,"6":0,"7":0,"8":0,"9":0,"10":0,"11":0,"12":0,"13":0,"14":0},"f":{},"b":{}}
,"/Users/claudiomazzoli/Documents/Desarrollos/Paisabank/src/components/ActionsTabs/index.tsx": {"path":"/Users/claudiomazzoli/Documents/Desarrollos/Paisabank/src/components/ActionsTabs/index.tsx","statementMap":{"0":{"start":{"line":4,"column":20},"end":{"line":21,"column":1}},"1":{"start":{"line":5,"column":2},"end":{"line":5,"column":25}},"2":{"start":{"line":5,"column":13},"end":{"line":5,"column":25}},"3":{"start":{"line":7,"column":2},"end":{"line":20,"column":4}},"4":{"start":{"line":10,"column":8},"end":{"line":17,"column":10}}},"fnMap":{"0":{"name":"(anonymous_0)","decl":{"start":{"line":4,"column":20},"end":{"line":4,"column":21}},"loc":{"start":{"line":4,"column":64},"end":{"line":21,"column":1}},"line":4},"1":{"name":"(anonymous_1)","decl":{"start":{"line":9,"column":16},"end":{"line":9,"column":17}},"loc":{"start":{"line":9,"column":67},"end":{"line":18,"column":7}},"line":9}},"branchMap":{"0":{"loc":{"start":{"line":5,"column":2},"end":{"line":5,"column":25}},"type":"if","locations":[{"start":{"line":5,"column":2},"end":{"line":5,"column":25}},{"start":{},"end":{}}],"line":5}},"s":{"0":0,"1":0,"2":0,"3":0,"4":0},"f":{"0":0,"1":0},"b":{"0":[0,0]}}
,"/Users/claudiomazzoli/Documents/Desarrollos/Paisabank/src/components/ActionsTabs/styles.ts": {"path":"/Users/claudiomazzoli/Documents/Desarrollos/Paisabank/src/components/ActionsTabs/styles.ts","statementMap":{"0":{"start":{"line":5,"column":26},"end":{"line":5,"column":36}},"1":{"start":{"line":7,"column":18},"end":{"line":10,"column":1}},"2":{"start":{"line":12,"column":15},"end":{"line":16,"column":1}},"3":{"start":{"line":22,"column":17},"end":{"line":28,"column":1}},"4":{"start":{"line":25,"column":26},"end":{"line":25,"column":40}},"5":{"start":{"line":34,"column":20},"end":{"line":41,"column":1}},"6":{"start":{"line":39,"column":47},"end":{"line":39,"column":62}}},"fnMap":{"0":{"name":"(anonymous_0)","decl":{"start":{"line":25,"column":15},"end":{"line":25,"column":16}},"loc":{"start":{"line":25,"column":26},"end":{"line":25,"column":40}},"line":25},"1":{"name":"(anonymous_1)","decl":{"start":{"line":39,"column":22},"end":{"line":39,"column":23}},"loc":{"start":{"line":39,"column":47},"end":{"line":39,"column":62}},"line":39}},"branchMap":{},"s":{"0":0,"1":0,"2":0,"3":0,"4":0,"5":0,"6":0},"f":{"0":0,"1":0},"b":{}}
,"/Users/claudiomazzoli/Documents/Desarrollos/Paisabank/src/components/BaseButton/index.tsx": {"path":"/Users/claudiomazzoli/Documents/Desarrollos/Paisabank/src/components/BaseButton/index.tsx","statementMap":{"0":{"start":{"line":10,"column":19},"end":{"line":23,"column":1}},"1":{"start":{"line":16,"column":2},"end":{"line":16,"column":29}},"2":{"start":{"line":16,"column":17},"end":{"line":16,"column":29}},"3":{"start":{"line":18,"column":2},"end":{"line":22,"column":4}}},"fnMap":{"0":{"name":"(anonymous_0)","decl":{"start":{"line":10,"column":19},"end":{"line":10,"column":20}},"loc":{"start":{"line":15,"column":43},"end":{"line":23,"column":1}},"line":15}},"branchMap":{"0":{"loc":{"start":{"line":16,"column":2},"end":{"line":16,"column":29}},"type":"if","locations":[{"start":{"line":16,"column":2},"end":{"line":16,"column":29}},{"start":{},"end":{}}],"line":16}},"s":{"0":0,"1":0,"2":0,"3":0},"f":{"0":0},"b":{"0":[0,0]}}
,"/Users/claudiomazzoli/Documents/Desarrollos/Paisabank/src/components/BaseButton/styles.ts": {"path":"/Users/claudiomazzoli/Documents/Desarrollos/Paisabank/src/components/BaseButton/styles.ts","statementMap":{},"fnMap":{},"branchMap":{},"s":{},"f":{},"b":{}}
,"/Users/claudiomazzoli/Documents/Desarrollos/Paisabank/src/components/CardsList/index.tsx": {"path":"/Users/claudiomazzoli/Documents/Desarrollos/Paisabank/src/components/CardsList/index.tsx","statementMap":{"0":{"start":{"line":31,"column":18},"end":{"line":108,"column":1}},"1":{"start":{"line":32,"column":40},"end":{"line":32,"column":69}},"2":{"start":{"line":34,"column":15},"end":{"line":68,"column":3}},"3":{"start":{"line":37,"column":4},"end":{"line":67,"column":6}},"4":{"start":{"line":70,"column":21},"end":{"line":72,"column":3}},"5":{"start":{"line":71,"column":4},"end":{"line":71,"column":32}},"6":{"start":{"line":76,"column":33},"end":{"line":85,"column":3}},"7":{"start":{"line":78,"column":26},"end":{"line":78,"column":30}},"8":{"start":{"line":82,"column":6},"end":{"line":82,"column":39}},"9":{"start":{"line":87,"column":24},"end":{"line":89,"column":4}},"10":{"start":{"line":91,"column":2},"end":{"line":91,"column":25}},"11":{"start":{"line":91,"column":13},"end":{"line":91,"column":25}},"12":{"start":{"line":92,"column":2},"end":{"line":92,"column":45}},"13":{"start":{"line":92,"column":17},"end":{"line":92,"column":45}},"14":{"start":{"line":95,"column":2},"end":{"line":107,"column":4}}},"fnMap":{"0":{"name":"(anonymous_0)","decl":{"start":{"line":31,"column":18},"end":{"line":31,"column":19}},"loc":{"start":{"line":31,"column":79},"end":{"line":108,"column":1}},"line":31},"1":{"name":"(anonymous_1)","decl":{"start":{"line":34,"column":15},"end":{"line":34,"column":16}},"loc":{"start":{"line":34,"column":53},"end":{"line":68,"column":3}},"line":34},"2":{"name":"(anonymous_2)","decl":{"start":{"line":70,"column":21},"end":{"line":70,"column":22}},"loc":{"start":{"line":70,"column":70},"end":{"line":72,"column":3}},"line":70},"3":{"name":"(anonymous_3)","decl":{"start":{"line":77,"column":4},"end":{"line":77,"column":5}},"loc":{"start":{"line":77,"column":74},"end":{"line":83,"column":5}},"line":77}},"branchMap":{"0":{"loc":{"start":{"line":91,"column":2},"end":{"line":91,"column":25}},"type":"if","locations":[{"start":{"line":91,"column":2},"end":{"line":91,"column":25}},{"start":{},"end":{}}],"line":91},"1":{"loc":{"start":{"line":92,"column":2},"end":{"line":92,"column":45}},"type":"if","locations":[{"start":{"line":92,"column":2},"end":{"line":92,"column":45}},{"start":{},"end":{}}],"line":92}},"s":{"0":0,"1":0,"2":0,"3":0,"4":0,"5":0,"6":0,"7":0,"8":0,"9":0,"10":0,"11":0,"12":0,"13":0,"14":0},"f":{"0":0,"1":0,"2":0,"3":0},"b":{"0":[0,0],"1":[0,0]}}
,"/Users/claudiomazzoli/Documents/Desarrollos/Paisabank/src/components/CardsList/styles.ts": {"path":"/Users/claudiomazzoli/Documents/Desarrollos/Paisabank/src/components/CardsList/styles.ts","statementMap":{"0":{"start":{"line":7,"column":43},"end":{"line":7,"column":53}},"1":{"start":{"line":9,"column":18},"end":{"line":13,"column":1}},"2":{"start":{"line":18,"column":22},"end":{"line":24,"column":1}},"3":{"start":{"line":23,"column":33},"end":{"line":23,"column":54}},"4":{"start":{"line":26,"column":16},"end":{"line":31,"column":1}},"5":{"start":{"line":33,"column":24},"end":{"line":39,"column":1}},"6":{"start":{"line":41,"column":22},"end":{"line":44,"column":1}},"7":{"start":{"line":46,"column":21},"end":{"line":51,"column":1}},"8":{"start":{"line":53,"column":13},"end":{"line":59,"column":1}},"9":{"start":{"line":61,"column":18},"end":{"line":64,"column":1}},"10":{"start":{"line":66,"column":18},"end":{"line":70,"column":1}},"11":{"start":{"line":72,"column":20},"end":{"line":74,"column":1}},"12":{"start":{"line":75,"column":18},"end":{"line":77,"column":1}},"13":{"start":{"line":78,"column":19},"end":{"line":80,"column":1}},"14":{"start":{"line":82,"column":18},"end":{"line":85,"column":1}},"15":{"start":{"line":87,"column":20},"end":{"line":89,"column":1}},"16":{"start":{"line":91,"column":23},"end":{"line":94,"column":1}},"17":{"start":{"line":96,"column":15},"end":{"line":105,"column":1}}},"fnMap":{"0":{"name":"(anonymous_0)","decl":{"start":{"line":23,"column":22},"end":{"line":23,"column":23}},"loc":{"start":{"line":23,"column":33},"end":{"line":23,"column":54}},"line":23}},"branchMap":{},"s":{"0":0,"1":0,"2":0,"3":0,"4":0,"5":0,"6":0,"7":0,"8":0,"9":0,"10":0,"11":0,"12":0,"13":0,"14":0,"15":0,"16":0,"17":0},"f":{"0":0},"b":{}}
,"/Users/claudiomazzoli/Documents/Desarrollos/Paisabank/src/components/ContactsList/index.tsx": {"path":"/Users/claudiomazzoli/Documents/Desarrollos/Paisabank/src/components/ContactsList/index.tsx","statementMap":{"0":{"start":{"line":21,"column":13},"end":{"line":36,"column":1}},"1":{"start":{"line":22,"column":25},"end":{"line":22,"column":56}},"2":{"start":{"line":24,"column":2},"end":{"line":35,"column":4}},"3":{"start":{"line":38,"column":21},"end":{"line":57,"column":1}},"4":{"start":{"line":39,"column":21},"end":{"line":41,"column":3}},"5":{"start":{"line":40,"column":4},"end":{"line":40,"column":32}},"6":{"start":{"line":43,"column":2},"end":{"line":43,"column":45}},"7":{"start":{"line":43,"column":17},"end":{"line":43,"column":45}},"8":{"start":{"line":44,"column":2},"end":{"line":44,"column":29}},"9":{"start":{"line":44,"column":17},"end":{"line":44,"column":29}},"10":{"start":{"line":46,"column":2},"end":{"line":56,"column":4}},"11":{"start":{"line":51,"column":32},"end":{"line":51,"column":51}},"12":{"start":{"line":52,"column":57},"end":{"line":52,"column":99}}},"fnMap":{"0":{"name":"(anonymous_0)","decl":{"start":{"line":21,"column":13},"end":{"line":21,"column":14}},"loc":{"start":{"line":21,"column":51},"end":{"line":36,"column":1}},"line":21},"1":{"name":"(anonymous_1)","decl":{"start":{"line":38,"column":21},"end":{"line":38,"column":22}},"loc":{"start":{"line":38,"column":99},"end":{"line":57,"column":1}},"line":38},"2":{"name":"(anonymous_2)","decl":{"start":{"line":39,"column":21},"end":{"line":39,"column":22}},"loc":{"start":{"line":39,"column":67},"end":{"line":41,"column":3}},"line":39},"3":{"name":"(anonymous_3)","decl":{"start":{"line":51,"column":22},"end":{"line":51,"column":23}},"loc":{"start":{"line":51,"column":32},"end":{"line":51,"column":51}},"line":51},"4":{"name":"(anonymous_4)","decl":{"start":{"line":52,"column":29},"end":{"line":52,"column":30}},"loc":{"start":{"line":52,"column":57},"end":{"line":52,"column":99}},"line":52}},"branchMap":{"0":{"loc":{"start":{"line":43,"column":2},"end":{"line":43,"column":45}},"type":"if","locations":[{"start":{"line":43,"column":2},"end":{"line":43,"column":45}},{"start":{},"end":{}}],"line":43},"1":{"loc":{"start":{"line":44,"column":2},"end":{"line":44,"column":29}},"type":"if","locations":[{"start":{"line":44,"column":2},"end":{"line":44,"column":29}},{"start":{},"end":{}}],"line":44}},"s":{"0":0,"1":0,"2":0,"3":0,"4":0,"5":0,"6":0,"7":0,"8":0,"9":0,"10":0,"11":0,"12":0},"f":{"0":0,"1":0,"2":0,"3":0,"4":0},"b":{"0":[0,0],"1":[0,0]}}
,"/Users/claudiomazzoli/Documents/Desarrollos/Paisabank/src/components/ContactsList/styles.ts": {"path":"/Users/claudiomazzoli/Documents/Desarrollos/Paisabank/src/components/ContactsList/styles.ts","statementMap":{"0":{"start":{"line":6,"column":43},"end":{"line":6,"column":53}},"1":{"start":{"line":8,"column":18},"end":{"line":10,"column":1}},"2":{"start":{"line":12,"column":22},"end":{"line":22,"column":1}},"3":{"start":{"line":24,"column":16},"end":{"line":29,"column":1}},"4":{"start":{"line":31,"column":22},"end":{"line":35,"column":1}},"5":{"start":{"line":37,"column":21},"end":{"line":42,"column":1}},"6":{"start":{"line":44,"column":18},"end":{"line":48,"column":1}},"7":{"start":{"line":50,"column":20},"end":{"line":52,"column":1}},"8":{"start":{"line":53,"column":18},"end":{"line":55,"column":1}},"9":{"start":{"line":57,"column":19},"end":{"line":60,"column":1}},"10":{"start":{"line":65,"column":19},"end":{"line":69,"column":1}},"11":{"start":{"line":68,"column":22},"end":{"line":68,"column":33}},"12":{"start":{"line":71,"column":18},"end":{"line":74,"column":1}},"13":{"start":{"line":76,"column":20},"end":{"line":78,"column":1}},"14":{"start":{"line":80,"column":15},"end":{"line":89,"column":1}}},"fnMap":{"0":{"name":"(anonymous_0)","decl":{"start":{"line":68,"column":11},"end":{"line":68,"column":12}},"loc":{"start":{"line":68,"column":22},"end":{"line":68,"column":33}},"line":68}},"branchMap":{},"s":{"0":0,"1":0,"2":0,"3":0,"4":0,"5":0,"6":0,"7":0,"8":0,"9":0,"10":0,"11":0,"12":0,"13":0,"14":0},"f":{"0":0},"b":{}}
,"/Users/claudiomazzoli/Documents/Desarrollos/Paisabank/src/components/ContactsList/components/TextAvatar/index.tsx": {"path":"/Users/claudiomazzoli/Documents/Desarrollos/Paisabank/src/components/ContactsList/components/TextAvatar/index.tsx","statementMap":{"0":{"start":{"line":8,"column":19},"end":{"line":14,"column":1}},"1":{"start":{"line":9,"column":2},"end":{"line":13,"column":4}}},"fnMap":{"0":{"name":"(anonymous_0)","decl":{"start":{"line":8,"column":19},"end":{"line":8,"column":20}},"loc":{"start":{"line":8,"column":77},"end":{"line":14,"column":1}},"line":8}},"branchMap":{},"s":{"0":0,"1":0},"f":{"0":0},"b":{}}
,"/Users/claudiomazzoli/Documents/Desarrollos/Paisabank/src/components/ContactsList/components/TextAvatar/styles.ts": {"path":"/Users/claudiomazzoli/Documents/Desarrollos/Paisabank/src/components/ContactsList/components/TextAvatar/styles.ts","statementMap":{"0":{"start":{"line":5,"column":28},"end":{"line":5,"column":38}},"1":{"start":{"line":7,"column":18},"end":{"line":14,"column":1}},"2":{"start":{"line":16,"column":13},"end":{"line":22,"column":1}}},"fnMap":{},"branchMap":{},"s":{"0":0,"1":0,"2":0},"f":{},"b":{}}
,"/Users/claudiomazzoli/Documents/Desarrollos/Paisabank/src/components/Header/index.tsx": {"path":"/Users/claudiomazzoli/Documents/Desarrollos/Paisabank/src/components/Header/index.tsx","statementMap":{"0":{"start":{"line":5,"column":15},"end":{"line":15,"column":1}},"1":{"start":{"line":6,"column":2},"end":{"line":14,"column":4}}},"fnMap":{"0":{"name":"(anonymous_0)","decl":{"start":{"line":5,"column":15},"end":{"line":5,"column":16}},"loc":{"start":{"line":5,"column":53},"end":{"line":15,"column":1}},"line":5}},"branchMap":{},"s":{"0":0,"1":0},"f":{"0":0},"b":{}}
,"/Users/claudiomazzoli/Documents/Desarrollos/Paisabank/src/components/Header/styles.ts": {"path":"/Users/claudiomazzoli/Documents/Desarrollos/Paisabank/src/components/Header/styles.ts","statementMap":{"0":{"start":{"line":5,"column":43},"end":{"line":5,"column":53}},"1":{"start":{"line":7,"column":18},"end":{"line":14,"column":1}},"2":{"start":{"line":16,"column":21},"end":{"line":16,"column":34}},"3":{"start":{"line":18,"column":17},"end":{"line":20,"column":1}},"4":{"start":{"line":22,"column":14},"end":{"line":24,"column":1}},"5":{"start":{"line":26,"column":17},"end":{"line":29,"column":1}}},"fnMap":{},"branchMap":{},"s":{"0":0,"1":0,"2":0,"3":0,"4":0,"5":0},"f":{},"b":{}}
,"/Users/claudiomazzoli/Documents/Desarrollos/Paisabank/src/components/InputSearch/index.tsx": {"path":"/Users/claudiomazzoli/Documents/Desarrollos/Paisabank/src/components/InputSearch/index.tsx","statementMap":{"0":{"start":{"line":10,"column":20},"end":{"line":24,"column":1}},"1":{"start":{"line":11,"column":2},"end":{"line":23,"column":4}}},"fnMap":{"0":{"name":"(anonymous_0)","decl":{"start":{"line":10,"column":20},"end":{"line":10,"column":21}},"loc":{"start":{"line":10,"column":96},"end":{"line":24,"column":1}},"line":10}},"branchMap":{},"s":{"0":0,"1":0},"f":{"0":0},"b":{}}
,"/Users/claudiomazzoli/Documents/Desarrollos/Paisabank/src/components/InputSearch/styles.ts": {"path":"/Users/claudiomazzoli/Documents/Desarrollos/Paisabank/src/components/InputSearch/styles.ts","statementMap":{"0":{"start":{"line":5,"column":43},"end":{"line":5,"column":53}},"1":{"start":{"line":7,"column":18},"end":{"line":9,"column":1}},"2":{"start":{"line":11,"column":14},"end":{"line":19,"column":1}},"3":{"start":{"line":21,"column":26},"end":{"line":25,"column":1}}},"fnMap":{},"branchMap":{},"s":{"0":0,"1":0,"2":0,"3":0},"f":{},"b":{}}
,"/Users/claudiomazzoli/Documents/Desarrollos/Paisabank/src/components/LoadingIndicator/index.tsx": {"path":"/Users/claudiomazzoli/Documents/Desarrollos/Paisabank/src/components/LoadingIndicator/index.tsx","statementMap":{"0":{"start":{"line":3,"column":25},"end":{"line":9,"column":1}},"1":{"start":{"line":4,"column":2},"end":{"line":8,"column":4}}},"fnMap":{"0":{"name":"(anonymous_0)","decl":{"start":{"line":3,"column":25},"end":{"line":3,"column":26}},"loc":{"start":{"line":3,"column":44},"end":{"line":9,"column":1}},"line":3}},"branchMap":{},"s":{"0":0,"1":0},"f":{"0":0},"b":{}}
,"/Users/claudiomazzoli/Documents/Desarrollos/Paisabank/src/components/LoadingIndicator/styles.ts": {"path":"/Users/claudiomazzoli/Documents/Desarrollos/Paisabank/src/components/LoadingIndicator/styles.ts","statementMap":{"0":{"start":{"line":4,"column":18},"end":{"line":6,"column":1}},"1":{"start":{"line":8,"column":32},"end":{"line":11,"column":1}}},"fnMap":{},"branchMap":{},"s":{"0":0,"1":0},"f":{},"b":{}}
,"/Users/claudiomazzoli/Documents/Desarrollos/Paisabank/src/components/SectionTitle/index.tsx": {"path":"/Users/claudiomazzoli/Documents/Desarrollos/Paisabank/src/components/SectionTitle/index.tsx","statementMap":{"0":{"start":{"line":10,"column":21},"end":{"line":22,"column":1}},"1":{"start":{"line":11,"column":2},"end":{"line":11,"column":26}},"2":{"start":{"line":11,"column":14},"end":{"line":11,"column":26}},"3":{"start":{"line":13,"column":2},"end":{"line":21,"column":4}}},"fnMap":{"0":{"name":"(anonymous_0)","decl":{"start":{"line":10,"column":21},"end":{"line":10,"column":22}},"loc":{"start":{"line":10,"column":98},"end":{"line":22,"column":1}},"line":10}},"branchMap":{"0":{"loc":{"start":{"line":11,"column":2},"end":{"line":11,"column":26}},"type":"if","locations":[{"start":{"line":11,"column":2},"end":{"line":11,"column":26}},{"start":{},"end":{}}],"line":11},"1":{"loc":{"start":{"line":19,"column":7},"end":{"line":19,"column":33}},"type":"binary-expr","locations":[{"start":{"line":19,"column":7},"end":{"line":19,"column":18}},{"start":{"line":19,"column":22},"end":{"line":19,"column":33}}],"line":19}},"s":{"0":0,"1":0,"2":0,"3":0},"f":{"0":0},"b":{"0":[0,0],"1":[0,0]}}
,"/Users/claudiomazzoli/Documents/Desarrollos/Paisabank/src/components/SectionTitle/styles.ts": {"path":"/Users/claudiomazzoli/Documents/Desarrollos/Paisabank/src/components/SectionTitle/styles.ts","statementMap":{"0":{"start":{"line":5,"column":43},"end":{"line":5,"column":53}},"1":{"start":{"line":11,"column":18},"end":{"line":16,"column":1}},"2":{"start":{"line":13,"column":4},"end":{"line":15,"column":84}},"3":{"start":{"line":18,"column":14},"end":{"line":22,"column":1}},"4":{"start":{"line":24,"column":16},"end":{"line":30,"column":1}}},"fnMap":{"0":{"name":"(anonymous_0)","decl":{"start":{"line":12,"column":12},"end":{"line":12,"column":13}},"loc":{"start":{"line":13,"column":4},"end":{"line":15,"column":84}},"line":13}},"branchMap":{"0":{"loc":{"start":{"line":13,"column":4},"end":{"line":15,"column":84}},"type":"cond-expr","locations":[{"start":{"line":14,"column":8},"end":{"line":14,"column":63}},{"start":{"line":15,"column":8},"end":{"line":15,"column":84}}],"line":13}},"s":{"0":0,"1":0,"2":0,"3":0,"4":0},"f":{"0":0},"b":{"0":[0,0]}}
,"/Users/claudiomazzoli/Documents/Desarrollos/Paisabank/src/components/TransactionsList/index.tsx": {"path":"/Users/claudiomazzoli/Documents/Desarrollos/Paisabank/src/components/TransactionsList/index.tsx","statementMap":{"0":{"start":{"line":24,"column":25},"end":{"line":58,"column":1}},"1":{"start":{"line":31,"column":15},"end":{"line":44,"column":3}},"2":{"start":{"line":32,"column":4},"end":{"line":43,"column":6}},"3":{"start":{"line":46,"column":21},"end":{"line":48,"column":3}},"4":{"start":{"line":47,"column":4},"end":{"line":47,"column":32}},"5":{"start":{"line":50,"column":2},"end":{"line":50,"column":25}},"6":{"start":{"line":50,"column":13},"end":{"line":50,"column":25}},"7":{"start":{"line":51,"column":2},"end":{"line":51,"column":45}},"8":{"start":{"line":51,"column":17},"end":{"line":51,"column":45}},"9":{"start":{"line":53,"column":2},"end":{"line":57,"column":4}},"10":{"start":{"line":55,"column":76},"end":{"line":55,"column":83}}},"fnMap":{"0":{"name":"(anonymous_0)","decl":{"start":{"line":24,"column":25},"end":{"line":24,"column":26}},"loc":{"start":{"line":28,"column":49},"end":{"line":58,"column":1}},"line":28},"1":{"name":"(anonymous_1)","decl":{"start":{"line":31,"column":15},"end":{"line":31,"column":16}},"loc":{"start":{"line":31,"column":53},"end":{"line":44,"column":3}},"line":31},"2":{"name":"(anonymous_2)","decl":{"start":{"line":46,"column":21},"end":{"line":46,"column":22}},"loc":{"start":{"line":46,"column":77},"end":{"line":48,"column":3}},"line":46},"3":{"name":"(anonymous_3)","decl":{"start":{"line":55,"column":66},"end":{"line":55,"column":67}},"loc":{"start":{"line":55,"column":76},"end":{"line":55,"column":83}},"line":55}},"branchMap":{"0":{"loc":{"start":{"line":50,"column":2},"end":{"line":50,"column":25}},"type":"if","locations":[{"start":{"line":50,"column":2},"end":{"line":50,"column":25}},{"start":{},"end":{}}],"line":50},"1":{"loc":{"start":{"line":51,"column":2},"end":{"line":51,"column":45}},"type":"if","locations":[{"start":{"line":51,"column":2},"end":{"line":51,"column":45}},{"start":{},"end":{}}],"line":51}},"s":{"0":0,"1":0,"2":0,"3":0,"4":0,"5":0,"6":0,"7":0,"8":0,"9":0,"10":0},"f":{"0":0,"1":0,"2":0,"3":0},"b":{"0":[0,0],"1":[0,0]}}
,"/Users/claudiomazzoli/Documents/Desarrollos/Paisabank/src/components/TransactionsList/styles.ts": {"path":"/Users/claudiomazzoli/Documents/Desarrollos/Paisabank/src/components/TransactionsList/styles.ts","statementMap":{"0":{"start":{"line":6,"column":43},"end":{"line":6,"column":53}},"1":{"start":{"line":8,"column":18},"end":{"line":11,"column":1}},"2":{"start":{"line":13,"column":22},"end":{"line":22,"column":1}},"3":{"start":{"line":24,"column":16},"end":{"line":29,"column":1}},"4":{"start":{"line":31,"column":24},"end":{"line":31,"column":37}},"5":{"start":{"line":33,"column":22},"end":{"line":37,"column":1}},"6":{"start":{"line":39,"column":21},"end":{"line":44,"column":1}},"7":{"start":{"line":46,"column":18},"end":{"line":50,"column":1}},"8":{"start":{"line":52,"column":20},"end":{"line":54,"column":1}},"9":{"start":{"line":55,"column":18},"end":{"line":57,"column":1}},"10":{"start":{"line":59,"column":19},"end":{"line":62,"column":1}},"11":{"start":{"line":67,"column":19},"end":{"line":72,"column":1}},"12":{"start":{"line":71,"column":22},"end":{"line":71,"column":33}},"13":{"start":{"line":74,"column":18},"end":{"line":78,"column":1}},"14":{"start":{"line":80,"column":20},"end":{"line":82,"column":1}},"15":{"start":{"line":84,"column":15},"end":{"line":93,"column":1}}},"fnMap":{"0":{"name":"(anonymous_0)","decl":{"start":{"line":71,"column":11},"end":{"line":71,"column":12}},"loc":{"start":{"line":71,"column":22},"end":{"line":71,"column":33}},"line":71}},"branchMap":{},"s":{"0":0,"1":0,"2":0,"3":0,"4":0,"5":0,"6":0,"7":0,"8":0,"9":0,"10":0,"11":0,"12":0,"13":0,"14":0,"15":0},"f":{"0":0},"b":{}}
,"/Users/claudiomazzoli/Documents/Desarrollos/Paisabank/src/hooks/useCallApi/index.ts": {"path":"/Users/claudiomazzoli/Documents/Desarrollos/Paisabank/src/hooks/useCallApi/index.ts","statementMap":{"0":{"start":{"line":17,"column":36},"end":{"line":17,"column":50}},"1":{"start":{"line":18,"column":26},"end":{"line":18,"column":38}},"2":{"start":{"line":19,"column":19},"end":{"line":19,"column":32}},"3":{"start":{"line":21,"column":2},"end":{"line":41,"column":9}},"4":{"start":{"line":22,"column":4},"end":{"line":40,"column":9}},"5":{"start":{"line":24,"column":8},"end":{"line":33,"column":9}},"6":{"start":{"line":26,"column":12},"end":{"line":26,"column":93}},"7":{"start":{"line":28,"column":10},"end":{"line":30,"column":11}},"8":{"start":{"line":29,"column":12},"end":{"line":29,"column":54}},"9":{"start":{"line":32,"column":10},"end":{"line":32,"column":33}},"10":{"start":{"line":36,"column":8},"end":{"line":36,"column":25}},"11":{"start":{"line":39,"column":8},"end":{"line":39,"column":28}},"12":{"start":{"line":43,"column":2},"end":{"line":43,"column":29}}},"fnMap":{"0":{"name":"useCallApi","decl":{"start":{"line":16,"column":9},"end":{"line":16,"column":19}},"loc":{"start":{"line":16,"column":80},"end":{"line":44,"column":1}},"line":16},"1":{"name":"(anonymous_1)","decl":{"start":{"line":21,"column":12},"end":{"line":21,"column":13}},"loc":{"start":{"line":21,"column":18},"end":{"line":41,"column":3}},"line":21},"2":{"name":"(anonymous_2)","decl":{"start":{"line":23,"column":12},"end":{"line":23,"column":13}},"loc":{"start":{"line":23,"column":21},"end":{"line":34,"column":7}},"line":23},"3":{"name":"(anonymous_3)","decl":{"start":{"line":35,"column":13},"end":{"line":35,"column":14}},"loc":{"start":{"line":35,"column":22},"end":{"line":37,"column":7}},"line":35},"4":{"name":"(anonymous_4)","decl":{"start":{"line":38,"column":15},"end":{"line":38,"column":16}},"loc":{"start":{"line":38,"column":21},"end":{"line":40,"column":7}},"line":38}},"branchMap":{"0":{"loc":{"start":{"line":24,"column":8},"end":{"line":33,"column":9}},"type":"if","locations":[{"start":{"line":24,"column":8},"end":{"line":33,"column":9}},{"start":{},"end":{}}],"line":24},"1":{"loc":{"start":{"line":26,"column":12},"end":{"line":26,"column":93}},"type":"cond-expr","locations":[{"start":{"line":26,"column":65},"end":{"line":26,"column":87}},{"start":{"line":26,"column":90},"end":{"line":26,"column":93}}],"line":26},"2":{"loc":{"start":{"line":26,"column":12},"end":{"line":26,"column":62}},"type":"binary-expr","locations":[{"start":{"line":26,"column":12},"end":{"line":26,"column":24}},{"start":{"line":26,"column":28},"end":{"line":26,"column":62}}],"line":26},"3":{"loc":{"start":{"line":28,"column":10},"end":{"line":30,"column":11}},"type":"if","locations":[{"start":{"line":28,"column":10},"end":{"line":30,"column":11}},{"start":{},"end":{}}],"line":28},"4":{"loc":{"start":{"line":28,"column":14},"end":{"line":28,"column":72}},"type":"binary-expr","locations":[{"start":{"line":28,"column":14},"end":{"line":28,"column":30}},{"start":{"line":28,"column":34},"end":{"line":28,"column":72}}],"line":28}},"s":{"0":0,"1":0,"2":0,"3":0,"4":0,"5":0,"6":0,"7":0,"8":0,"9":0,"10":0,"11":0,"12":0},"f":{"0":0,"1":0,"2":0,"3":0,"4":0},"b":{"0":[0,0],"1":[0,0],"2":[0,0],"3":[0,0],"4":[0,0]}}
,"/Users/claudiomazzoli/Documents/Desarrollos/Paisabank/src/services/callApi/index.tsx": {"path":"/Users/claudiomazzoli/Documents/Desarrollos/Paisabank/src/services/callApi/index.tsx","statementMap":{"0":{"start":{"line":11,"column":24},"end":{"line":19,"column":3}},"1":{"start":{"line":21,"column":2},"end":{"line":30,"column":3}},"2":{"start":{"line":22,"column":21},"end":{"line":22,"column":68}},"3":{"start":{"line":24,"column":4},"end":{"line":24,"column":16}},"4":{"start":{"line":26,"column":4},"end":{"line":29,"column":5}},"5":{"start":{"line":27,"column":6},"end":{"line":27,"column":39}},"6":{"start":{"line":28,"column":6},"end":{"line":28,"column":55}}},"fnMap":{"0":{"name":"callApi","decl":{"start":{"line":5,"column":30},"end":{"line":5,"column":37}},"loc":{"start":{"line":10,"column":16},"end":{"line":31,"column":1}},"line":10}},"branchMap":{"0":{"loc":{"start":{"line":26,"column":4},"end":{"line":29,"column":5}},"type":"if","locations":[{"start":{"line":26,"column":4},"end":{"line":29,"column":5}},{"start":{},"end":{}}],"line":26},"1":{"loc":{"start":{"line":26,"column":8},"end":{"line":26,"column":57}},"type":"binary-expr","locations":[{"start":{"line":26,"column":8},"end":{"line":26,"column":33}},{"start":{"line":26,"column":37},"end":{"line":26,"column":57}}],"line":26}},"s":{"0":0,"1":0,"2":0,"3":0,"4":0,"5":0,"6":0},"f":{"0":0},"b":{"0":[0,0],"1":[0,0]}}
,"/Users/claudiomazzoli/Documents/Desarrollos/Paisabank/src/services/getUserCards/index.ts": {"path":"/Users/claudiomazzoli/Documents/Desarrollos/Paisabank/src/services/getUserCards/index.ts","statementMap":{"0":{"start":{"line":9,"column":21},"end":{"line":10,"column":91}},"1":{"start":{"line":10,"column":2},"end":{"line":10,"column":91}}},"fnMap":{"0":{"name":"(anonymous_0)","decl":{"start":{"line":9,"column":21},"end":{"line":9,"column":22}},"loc":{"start":{"line":10,"column":2},"end":{"line":10,"column":91}},"line":10}},"branchMap":{},"s":{"0":0,"1":0},"f":{"0":0},"b":{}}
,"/Users/claudiomazzoli/Documents/Desarrollos/Paisabank/src/services/getUserContacts/index.ts": {"path":"/Users/claudiomazzoli/Documents/Desarrollos/Paisabank/src/services/getUserContacts/index.ts","statementMap":{"0":{"start":{"line":9,"column":24},"end":{"line":10,"column":95}},"1":{"start":{"line":10,"column":2},"end":{"line":10,"column":95}}},"fnMap":{"0":{"name":"(anonymous_0)","decl":{"start":{"line":9,"column":24},"end":{"line":9,"column":25}},"loc":{"start":{"line":10,"column":2},"end":{"line":10,"column":95}},"line":10}},"branchMap":{"0":{"loc":{"start":{"line":9,"column":31},"end":{"line":9,"column":40}},"type":"default-arg","locations":[{"start":{"line":9,"column":38},"end":{"line":9,"column":40}}],"line":9}},"s":{"0":0,"1":0},"f":{"0":0},"b":{"0":[0]}}
,"/Users/claudiomazzoli/Documents/Desarrollos/Paisabank/src/services/getUserTransactions/index.ts": {"path":"/Users/claudiomazzoli/Documents/Desarrollos/Paisabank/src/services/getUserTransactions/index.ts","statementMap":{"0":{"start":{"line":9,"column":28},"end":{"line":15,"column":3}},"1":{"start":{"line":10,"column":2},"end":{"line":15,"column":3}}},"fnMap":{"0":{"name":"(anonymous_0)","decl":{"start":{"line":9,"column":28},"end":{"line":9,"column":29}},"loc":{"start":{"line":10,"column":2},"end":{"line":15,"column":3}},"line":10}},"branchMap":{},"s":{"0":0,"1":0},"f":{"0":0},"b":{}}
,"/Users/claudiomazzoli/Documents/Desarrollos/Paisabank/src/services/userLogin/index.ts": {"path":"/Users/claudiomazzoli/Documents/Desarrollos/Paisabank/src/services/userLogin/index.ts","statementMap":{"0":{"start":{"line":10,"column":18},"end":{"line":11,"column":85}},"1":{"start":{"line":11,"column":2},"end":{"line":11,"column":85}}},"fnMap":{"0":{"name":"(anonymous_0)","decl":{"start":{"line":10,"column":18},"end":{"line":10,"column":19}},"loc":{"start":{"line":11,"column":2},"end":{"line":11,"column":85}},"line":11}},"branchMap":{},"s":{"0":0,"1":0},"f":{"0":0},"b":{}}
,"/Users/claudiomazzoli/Documents/Desarrollos/Paisabank/src/store/index.ts": {"path":"/Users/claudiomazzoli/Documents/Desarrollos/Paisabank/src/store/index.ts","statementMap":{"0":{"start":{"line":21,"column":26},"end":{"line":26,"column":1}},"1":{"start":{"line":28,"column":26},"end":{"line":33,"column":1}},"2":{"start":{"line":35,"column":26},"end":{"line":39,"column":1}},"3":{"start":{"line":41,"column":27},"end":{"line":45,"column":1}},"4":{"start":{"line":47,"column":34},"end":{"line":51,"column":1}},"5":{"start":{"line":53,"column":30},"end":{"line":57,"column":1}},"6":{"start":{"line":59,"column":20},"end":{"line":66,"column":2}},"7":{"start":{"line":68,"column":25},"end":{"line":68,"column":71}},"8":{"start":{"line":70,"column":21},"end":{"line":78,"column":2}},"9":{"start":{"line":73,"column":4},"end":{"line":77,"column":21}},"10":{"start":{"line":80,"column":18},"end":{"line":80,"column":37}}},"fnMap":{"0":{"name":"(anonymous_0)","decl":{"start":{"line":72,"column":14},"end":{"line":72,"column":15}},"loc":{"start":{"line":73,"column":4},"end":{"line":77,"column":21}},"line":73}},"branchMap":{},"s":{"0":0,"1":0,"2":0,"3":0,"4":0,"5":0,"6":0,"7":0,"8":0,"9":0,"10":0},"f":{"0":0},"b":{}}
,"/Users/claudiomazzoli/Documents/Desarrollos/Paisabank/src/store/slices/auth/index.ts": {"path":"/Users/claudiomazzoli/Documents/Desarrollos/Paisabank/src/store/slices/auth/index.ts","statementMap":{"0":{"start":{"line":7,"column":31},"end":{"line":9,"column":1}},"1":{"start":{"line":11,"column":25},"end":{"line":21,"column":2}},"2":{"start":{"line":16,"column":6},"end":{"line":18,"column":8}},"3":{"start":{"line":23,"column":26},"end":{"line":23,"column":43}}},"fnMap":{"0":{"name":"(anonymous_0)","decl":{"start":{"line":15,"column":12},"end":{"line":15,"column":13}},"loc":{"start":{"line":15,"column":35},"end":{"line":19,"column":5}},"line":15}},"branchMap":{},"s":{"0":0,"1":0,"2":0,"3":0},"f":{"0":0},"b":{}}
,"/Users/claudiomazzoli/Documents/Desarrollos/Paisabank/src/store/slices/cards/index.ts": {"path":"/Users/claudiomazzoli/Documents/Desarrollos/Paisabank/src/store/slices/cards/index.ts","statementMap":{"0":{"start":{"line":8,"column":31},"end":{"line":10,"column":1}},"1":{"start":{"line":12,"column":26},"end":{"line":25,"column":2}},"2":{"start":{"line":17,"column":6},"end":{"line":19,"column":8}},"3":{"start":{"line":22,"column":6},"end":{"line":22,"column":27}},"4":{"start":{"line":27,"column":40},"end":{"line":27,"column":58}}},"fnMap":{"0":{"name":"(anonymous_0)","decl":{"start":{"line":16,"column":14},"end":{"line":16,"column":15}},"loc":{"start":{"line":16,"column":42},"end":{"line":20,"column":5}},"line":16},"1":{"name":"(anonymous_1)","decl":{"start":{"line":21,"column":16},"end":{"line":21,"column":17}},"loc":{"start":{"line":21,"column":39},"end":{"line":23,"column":5}},"line":21}},"branchMap":{},"s":{"0":0,"1":0,"2":0,"3":0,"4":0},"f":{"0":0,"1":0},"b":{}}
,"/Users/claudiomazzoli/Documents/Desarrollos/Paisabank/src/store/slices/contacts/index.ts": {"path":"/Users/claudiomazzoli/Documents/Desarrollos/Paisabank/src/store/slices/contacts/index.ts","statementMap":{"0":{"start":{"line":8,"column":34},"end":{"line":10,"column":1}},"1":{"start":{"line":12,"column":29},"end":{"line":25,"column":2}},"2":{"start":{"line":17,"column":6},"end":{"line":19,"column":8}},"3":{"start":{"line":22,"column":6},"end":{"line":22,"column":30}},"4":{"start":{"line":27,"column":46},"end":{"line":27,"column":67}}},"fnMap":{"0":{"name":"(anonymous_0)","decl":{"start":{"line":16,"column":17},"end":{"line":16,"column":18}},"loc":{"start":{"line":16,"column":45},"end":{"line":20,"column":5}},"line":16},"1":{"name":"(anonymous_1)","decl":{"start":{"line":21,"column":19},"end":{"line":21,"column":20}},"loc":{"start":{"line":21,"column":42},"end":{"line":23,"column":5}},"line":21}},"branchMap":{},"s":{"0":0,"1":0,"2":0,"3":0,"4":0},"f":{"0":0,"1":0},"b":{}}
,"/Users/claudiomazzoli/Documents/Desarrollos/Paisabank/src/store/slices/transactions/index.ts": {"path":"/Users/claudiomazzoli/Documents/Desarrollos/Paisabank/src/store/slices/transactions/index.ts","statementMap":{"0":{"start":{"line":8,"column":38},"end":{"line":10,"column":1}},"1":{"start":{"line":12,"column":33},"end":{"line":25,"column":2}},"2":{"start":{"line":17,"column":6},"end":{"line":19,"column":8}},"3":{"start":{"line":22,"column":6},"end":{"line":22,"column":34}},"4":{"start":{"line":27,"column":54},"end":{"line":27,"column":79}}},"fnMap":{"0":{"name":"(anonymous_0)","decl":{"start":{"line":16,"column":21},"end":{"line":16,"column":22}},"loc":{"start":{"line":16,"column":49},"end":{"line":20,"column":5}},"line":16},"1":{"name":"(anonymous_1)","decl":{"start":{"line":21,"column":23},"end":{"line":21,"column":24}},"loc":{"start":{"line":21,"column":46},"end":{"line":23,"column":5}},"line":21}},"branchMap":{},"s":{"0":0,"1":0,"2":0,"3":0,"4":0},"f":{"0":0,"1":0},"b":{}}
,"/Users/claudiomazzoli/Documents/Desarrollos/Paisabank/src/store/slices/user/index.ts": {"path":"/Users/claudiomazzoli/Documents/Desarrollos/Paisabank/src/store/slices/user/index.ts","statementMap":{"0":{"start":{"line":14,"column":31},"end":{"line":18,"column":1}},"1":{"start":{"line":20,"column":25},"end":{"line":35,"column":2}},"2":{"start":{"line":25,"column":6},"end":{"line":29,"column":8}},"3":{"start":{"line":32,"column":6},"end":{"line":32,"column":65}},"4":{"start":{"line":37,"column":39},"end":{"line":37,"column":56}}},"fnMap":{"0":{"name":"(anonymous_0)","decl":{"start":{"line":24,"column":13},"end":{"line":24,"column":14}},"loc":{"start":{"line":24,"column":41},"end":{"line":30,"column":5}},"line":24},"1":{"name":"(anonymous_1)","decl":{"start":{"line":31,"column":16},"end":{"line":31,"column":17}},"loc":{"start":{"line":31,"column":39},"end":{"line":33,"column":5}},"line":31}},"branchMap":{},"s":{"0":0,"1":0,"2":0,"3":0,"4":0},"f":{"0":0,"1":0},"b":{}}
,"/Users/claudiomazzoli/Documents/Desarrollos/Paisabank/src/theme/typography.js": {"path":"/Users/claudiomazzoli/Documents/Desarrollos/Paisabank/src/theme/typography.js","statementMap":{"0":{"start":{"line":1,"column":19},"end":{"line":5,"column":1}},"1":{"start":{"line":7,"column":17},"end":{"line":16,"column":1}}},"fnMap":{},"branchMap":{},"s":{"0":0,"1":0},"f":{},"b":{}}
,"/Users/claudiomazzoli/Documents/Desarrollos/Paisabank/src/types/index.ts": {"path":"/Users/claudiomazzoli/Documents/Desarrollos/Paisabank/src/types/index.ts","statementMap":{},"fnMap":{},"branchMap":{},"s":{},"f":{},"b":{}}
,"/Users/claudiomazzoli/Documents/Desarrollos/Paisabank/src/utils/index.js": {"path":"/Users/claudiomazzoli/Documents/Desarrollos/Paisabank/src/utils/index.js","statementMap":{"0":{"start":{"line":10,"column":24},"end":{"line":19,"column":1}},"1":{"start":{"line":11,"column":28},"end":{"line":11,"column":52}},"2":{"start":{"line":12,"column":20},"end":{"line":12,"column":23}},"3":{"start":{"line":13,"column":21},"end":{"line":13,"column":24}},"4":{"start":{"line":15,"column":26},"end":{"line":15,"column":74}},"5":{"start":{"line":15,"column":36},"end":{"line":15,"column":74}},"6":{"start":{"line":16,"column":24},"end":{"line":16,"column":74}},"7":{"start":{"line":16,"column":34},"end":{"line":16,"column":74}},"8":{"start":{"line":18,"column":2},"end":{"line":18,"column":44}},"9":{"start":{"line":21,"column":25},"end":{"line":29,"column":1}},"10":{"start":{"line":22,"column":2},"end":{"line":28,"column":5}},"11":{"start":{"line":31,"column":38},"end":{"line":45,"column":1}},"12":{"start":{"line":32,"column":16},"end":{"line":32,"column":26}},"13":{"start":{"line":33,"column":23},"end":{"line":33,"column":56}},"14":{"start":{"line":34,"column":22},"end":{"line":34,"column":52}},"15":{"start":{"line":36,"column":2},"end":{"line":44,"column":5}},"16":{"start":{"line":37,"column":27},"end":{"line":37,"column":52}},"17":{"start":{"line":38,"column":21},"end":{"line":38,"column":38}},"18":{"start":{"line":39,"column":22},"end":{"line":39,"column":39}},"19":{"start":{"line":41,"column":24},"end":{"line":41,"column":71}},"20":{"start":{"line":43,"column":4},"end":{"line":43,"column":68}},"21":{"start":{"line":47,"column":41},"end":{"line":54,"column":1}},"22":{"start":{"line":48,"column":2},"end":{"line":48,"column":70}},"23":{"start":{"line":48,"column":60},"end":{"line":48,"column":70}},"24":{"start":{"line":49,"column":23},"end":{"line":49,"column":49}},"25":{"start":{"line":51,"column":2},"end":{"line":53,"column":4}},"26":{"start":{"line":52,"column":4},"end":{"line":52,"column":81}},"27":{"start":{"line":56,"column":36},"end":{"line":82,"column":1}},"28":{"start":{"line":57,"column":2},"end":{"line":81,"column":5}},"29":{"start":{"line":58,"column":31},"end":{"line":58,"column":33}},"30":{"start":{"line":59,"column":18},"end":{"line":59,"column":22}},"31":{"start":{"line":60,"column":16},"end":{"line":60,"column":18}},"32":{"start":{"line":62,"column":4},"end":{"line":78,"column":5}},"33":{"start":{"line":64,"column":8},"end":{"line":64,"column":53}},"34":{"start":{"line":65,"column":8},"end":{"line":65,"column":34}},"35":{"start":{"line":66,"column":8},"end":{"line":66,"column":26}},"36":{"start":{"line":67,"column":8},"end":{"line":67,"column":14}},"37":{"start":{"line":69,"column":8},"end":{"line":69,"column":47}},"38":{"start":{"line":70,"column":8},"end":{"line":70,"column":29}},"39":{"start":{"line":71,"column":8},"end":{"line":71,"column":26}},"40":{"start":{"line":72,"column":8},"end":{"line":72,"column":14}},"41":{"start":{"line":74,"column":8},"end":{"line":74,"column":46}},"42":{"start":{"line":75,"column":8},"end":{"line":75,"column":30}},"43":{"start":{"line":76,"column":8},"end":{"line":76,"column":26}},"44":{"start":{"line":77,"column":8},"end":{"line":77,"column":14}},"45":{"start":{"line":80,"column":4},"end":{"line":80,"column":59}},"46":{"start":{"line":84,"column":29},"end":{"line":99,"column":1}},"47":{"start":{"line":85,"column":2},"end":{"line":98,"column":5}},"48":{"start":{"line":86,"column":18},"end":{"line":86,"column":22}},"49":{"start":{"line":88,"column":4},"end":{"line":95,"column":5}},"50":{"start":{"line":90,"column":8},"end":{"line":90,"column":33}},"51":{"start":{"line":91,"column":8},"end":{"line":91,"column":14}},"52":{"start":{"line":93,"column":8},"end":{"line":93,"column":27}},"53":{"start":{"line":94,"column":8},"end":{"line":94,"column":14}},"54":{"start":{"line":97,"column":4},"end":{"line":97,"column":30}}},"fnMap":{"0":{"name":"(anonymous_0)","decl":{"start":{"line":10,"column":24},"end":{"line":10,"column":25}},"loc":{"start":{"line":10,"column":30},"end":{"line":19,"column":1}},"line":10},"1":{"name":"(anonymous_1)","decl":{"start":{"line":15,"column":26},"end":{"line":15,"column":27}},"loc":{"start":{"line":15,"column":36},"end":{"line":15,"column":74}},"line":15},"2":{"name":"(anonymous_2)","decl":{"start":{"line":16,"column":24},"end":{"line":16,"column":25}},"loc":{"start":{"line":16,"column":34},"end":{"line":16,"column":74}},"line":16},"3":{"name":"(anonymous_3)","decl":{"start":{"line":21,"column":25},"end":{"line":21,"column":26}},"loc":{"start":{"line":21,"column":74},"end":{"line":29,"column":1}},"line":21},"4":{"name":"(anonymous_4)","decl":{"start":{"line":31,"column":38},"end":{"line":31,"column":39}},"loc":{"start":{"line":31,"column":47},"end":{"line":45,"column":1}},"line":31},"5":{"name":"(anonymous_5)","decl":{"start":{"line":36,"column":20},"end":{"line":36,"column":21}},"loc":{"start":{"line":36,"column":30},"end":{"line":44,"column":3}},"line":36},"6":{"name":"(anonymous_6)","decl":{"start":{"line":47,"column":41},"end":{"line":47,"column":42}},"loc":{"start":{"line":47,"column":66},"end":{"line":54,"column":1}},"line":47},"7":{"name":"(anonymous_7)","decl":{"start":{"line":51,"column":22},"end":{"line":51,"column":23}},"loc":{"start":{"line":52,"column":4},"end":{"line":52,"column":81}},"line":52},"8":{"name":"(anonymous_8)","decl":{"start":{"line":56,"column":36},"end":{"line":56,"column":37}},"loc":{"start":{"line":56,"column":47},"end":{"line":82,"column":1}},"line":56},"9":{"name":"(anonymous_9)","decl":{"start":{"line":57,"column":19},"end":{"line":57,"column":20}},"loc":{"start":{"line":57,"column":27},"end":{"line":81,"column":3}},"line":57},"10":{"name":"(anonymous_10)","decl":{"start":{"line":84,"column":29},"end":{"line":84,"column":30}},"loc":{"start":{"line":84,"column":40},"end":{"line":99,"column":1}},"line":84},"11":{"name":"(anonymous_11)","decl":{"start":{"line":85,"column":19},"end":{"line":85,"column":20}},"loc":{"start":{"line":85,"column":27},"end":{"line":98,"column":3}},"line":85}},"branchMap":{"0":{"loc":{"start":{"line":21,"column":35},"end":{"line":21,"column":51}},"type":"default-arg","locations":[{"start":{"line":21,"column":42},"end":{"line":21,"column":51}}],"line":21},"1":{"loc":{"start":{"line":21,"column":53},"end":{"line":21,"column":69}},"type":"default-arg","locations":[{"start":{"line":21,"column":64},"end":{"line":21,"column":69}}],"line":21},"2":{"loc":{"start":{"line":41,"column":24},"end":{"line":41,"column":71}},"type":"cond-expr","locations":[{"start":{"line":41,"column":47},"end":{"line":41,"column":59}},{"start":{"line":41,"column":62},"end":{"line":41,"column":71}}],"line":41},"3":{"loc":{"start":{"line":43,"column":11},"end":{"line":43,"column":67}},"type":"binary-expr","locations":[{"start":{"line":43,"column":11},"end":{"line":43,"column":39}},{"start":{"line":43,"column":43},"end":{"line":43,"column":67}}],"line":43},"4":{"loc":{"start":{"line":48,"column":2},"end":{"line":48,"column":70}},"type":"if","locations":[{"start":{"line":48,"column":2},"end":{"line":48,"column":70}},{"start":{},"end":{}}],"line":48},"5":{"loc":{"start":{"line":48,"column":6},"end":{"line":48,"column":58}},"type":"binary-expr","locations":[{"start":{"line":48,"column":6},"end":{"line":48,"column":19}},{"start":{"line":48,"column":23},"end":{"line":48,"column":58}}],"line":48},"6":{"loc":{"start":{"line":62,"column":4},"end":{"line":78,"column":5}},"type":"switch","locations":[{"start":{"line":63,"column":6},"end":{"line":67,"column":14}},{"start":{"line":68,"column":6},"end":{"line":72,"column":14}},{"start":{"line":73,"column":6},"end":{"line":77,"column":14}}],"line":62},"7":{"loc":{"start":{"line":88,"column":4},"end":{"line":95,"column":5}},"type":"switch","locations":[{"start":{"line":89,"column":6},"end":{"line":91,"column":14}},{"start":{"line":92,"column":6},"end":{"line":94,"column":14}}],"line":88}},"s":{"0":1,"1":3,"2":3,"3":3,"4":3,"5":1,"6":3,"7":1,"8":3,"9":1,"10":1,"11":1,"12":2,"13":2,"14":2,"15":2,"16":8,"17":8,"18":8,"19":8,"20":8,"21":1,"22":8,"23":7,"24":1,"25":1,"26":2,"27":1,"28":0,"29":0,"30":0,"31":0,"32":0,"33":0,"34":0,"35":0,"36":0,"37":0,"38":0,"39":0,"40":0,"41":0,"42":0,"43":0,"44":0,"45":0,"46":1,"47":0,"48":0,"49":0,"50":0,"51":0,"52":0,"53":0,"54":0},"f":{"0":3,"1":1,"2":1,"3":1,"4":2,"5":8,"6":8,"7":2,"8":0,"9":0,"10":0,"11":0},"b":{"0":[1],"1":[1],"2":[8,0],"3":[8,3],"4":[7,1],"5":[8,5],"6":[0,0,0],"7":[0,0]},"_coverageSchema":"1a1c01bbd47fc00a2c39e90264f33305004495a9","hash":"b706a80682c6baf6f7672736db6a5c6382aa647d"}
}
